<?xml version="1.0" encoding="UTF-8"?>
<!-- Generated by org.testng.reporters.JUnitReportReporter -->
<testsuite skipped="0" hostname="DESKTOP-K91MGL8" name="SmokeTest" tests="1" failures="0" timestamp="2021-12-29T08:44:56 EET" time="13.800" errors="0">
  <testcase name="abc" time="13.800" classname="SmokeTest"/>
  <system-out/>
</testsuite> <!-- SmokeTest -->
